05-07-2023 14:54:32.241 [Test worker] INFO  GoogleTest - Setting up the test environment
05-07-2023 14:54:32.273 [Test worker] INFO  GoogleTest - Running Google Test
05-07-2023 14:55:32.377 [Test worker] INFO  GoogleTest - Closing the WebDriver
05-07-2023 14:57:20.863 [Test worker] INFO  GoogleTest - Setting up the test environment
05-07-2023 14:57:20.908 [Test worker] INFO  GoogleTest - Running Google Test
05-07-2023 14:58:56.884 [Test worker] INFO  GoogleTest - Setting up the test environment
05-07-2023 14:58:57.049 [Test worker] INFO  GoogleTest - Running Google Test
05-07-2023 14:59:39.964 [Test worker] INFO  GoogleTest - Closing the WebDriver
05-07-2023 15:01:24.691 [Test worker] INFO  GoogleTest - Setting up the test environment
05-07-2023 15:01:24.743 [Test worker] INFO  GoogleTest - Running Google Test
05-07-2023 15:02:03.615 [Test worker] INFO  GoogleTest - Closing the WebDriver
05-07-2023 15:03:15.306 [Test worker] INFO  OutlookTest - Setting up the test environment
05-07-2023 15:03:15.377 [Test worker] INFO  OutlookTest - Running Outlook Test
05-07-2023 15:03:36.888 [Test worker] INFO  OutlookTest - Outlook Test completed
05-07-2023 15:03:38.242 [Test worker] INFO  OutlookTest - Closing the WebDriver
05-07-2023 19:04:45.984 [Test worker] INFO  GoogleTest - Setting up the test environment
05-07-2023 19:04:46.019 [Test worker] INFO  GoogleTest - Running Google Test
05-07-2023 19:05:13.589 [Test worker] INFO  GoogleTest - Closing the WebDriver
05-07-2023 19:06:04.663 [Test worker] INFO  GoogleTest - Setting up the test environment
05-07-2023 19:06:04.719 [Test worker] INFO  GoogleTest - Running Google Test
05-07-2023 19:06:29.100 [Test worker] INFO  GoogleTest - Closing the WebDriver
05-07-2023 19:08:50.579 [Test worker] INFO  GoogleTest - Setting up the test environment
05-07-2023 19:08:50.622 [Test worker] INFO  GoogleTest - Running Google Test
05-07-2023 19:09:23.550 [Test worker] INFO  GoogleTest - Closing the WebDriver
05-07-2023 19:10:23.211 [Test worker] INFO  GoogleTest - Setting up the test environment
05-07-2023 19:10:23.292 [Test worker] INFO  GoogleTest - Running Google Test
05-07-2023 19:10:48.482 [Test worker] INFO  GoogleTest - Closing the WebDriver
05-07-2023 19:11:52.087 [Test worker] INFO  GoogleTest - Setting up the test environment
05-07-2023 19:11:52.105 [Test worker] INFO  GoogleTest - Running Google Test
05-07-2023 19:12:14.340 [Test worker] INFO  GoogleTest - Closing the WebDriver
05-07-2023 19:13:35.055 [Test worker] INFO  GoogleTest - Setting up the test environment
05-07-2023 19:13:35.111 [Test worker] INFO  GoogleTest - Running Google Test
05-07-2023 19:13:58.198 [Test worker] INFO  GoogleTest - Closing the WebDriver
05-07-2023 19:15:52.671 [Test worker] INFO  GoogleTest - Setting up the test environment
05-07-2023 19:15:52.758 [Test worker] INFO  GoogleTest - Running Google Test
05-07-2023 19:16:19.381 [Test worker] INFO  GoogleTest - Closing the WebDriver
05-07-2023 19:37:29.108 [Test worker] INFO  GoogleTest - Setting up the test environment
05-07-2023 19:37:29.200 [Test worker] INFO  GoogleTest - Running Google Docs Test
05-07-2023 19:37:53.155 [Test worker] INFO  GoogleTest - Running Google News Test
05-07-2023 19:38:08.055 [Test worker] INFO  GoogleTest - Closing the WebDriver
05-07-2023 19:47:02.686 [Test worker] INFO  GoogleTest - Setting up the test environment
05-07-2023 19:47:02.707 [Test worker] INFO  GoogleTest - Running Google Docs Test
05-07-2023 19:47:25.141 [Test worker] INFO  GoogleTest - Running Google News Test
05-07-2023 19:47:39.134 [Test worker] INFO  GoogleTest - Closing the WebDriver
05-07-2023 19:49:01.740 [Test worker] INFO  GoogleTest - Setting up the test environment
05-07-2023 19:49:01.795 [Test worker] INFO  GoogleTest - Running Google Docs Test
05-07-2023 19:49:23.038 [Test worker] INFO  GoogleTest - Running Google News Test
05-07-2023 19:49:34.192 [Test worker] INFO  GoogleTest - Closing the WebDriver
05-07-2023 21:22:24.380 [Test worker] INFO  GoogleTest - Setting up the test environment
05-07-2023 21:22:24.428 [Test worker] INFO  GoogleTest - Running Google Docs Test
05-07-2023 21:23:00.035 [Test worker] INFO  GoogleTest - Closing the WebDriver
05-07-2023 21:24:44.495 [Test worker] INFO  GoogleTest - Setting up the test environment
05-07-2023 21:24:44.553 [Test worker] INFO  GoogleTest - Running Google Docs Test
05-07-2023 21:25:12.057 [Test worker] INFO  GoogleTest - Closing the WebDriver
05-07-2023 21:26:14.159 [Test worker] INFO  GoogleTest - Setting up the test environment
05-07-2023 21:26:14.357 [Test worker] INFO  GoogleTest - Running Google Docs Test
05-07-2023 21:26:47.888 [Test worker] INFO  GoogleTest - Running Google News Test
05-07-2023 21:26:59.908 [Test worker] INFO  GoogleTest - Google Test completed
05-07-2023 21:27:03.975 [Test worker] INFO  GoogleTest - Closing the WebDriver
